<?xml version="1.0" encoding="utf-8"?><testsuites><testsuite name="pytest" errors="44" failures="1" skipped="3" tests="185" time="3.063" timestamp="2024-07-29T05:20:35.287703+00:00" hostname="fv-az733-613"><testcase classname="" name="tests.common.test_case_aware_path" time="0.000"><error message="collection failure">ImportError while importing test module '/home/runner/work/PyKotor/PyKotor/tests/common/test_case_aware_path.py'.
Hint: make sure your test modules/packages have valid Python names.
Traceback:
/usr/local/lib/python3.9/importlib/__init__.py:127: in import_module
    return _bootstrap._gcd_import(name[level:], package, level)
tests/common/test_case_aware_path.py:29: in &lt;module&gt;
    from pykotor.tools.path import CaseAwarePath
Libraries/PyKotor/src/pykotor/tools/path.py:19: in &lt;module&gt;
    from utility.system.registry import resolve_reg_key_to_path
E   ModuleNotFoundError: No module named 'utility.system.registry'</error></testcase><testcase classname="" name="tests.common.test_get_case_sensitive_path" time="0.000"><error message="collection failure">ImportError while importing test module '/home/runner/work/PyKotor/PyKotor/tests/common/test_get_case_sensitive_path.py'.
Hint: make sure your test modules/packages have valid Python names.
Traceback:
/usr/local/lib/python3.9/importlib/__init__.py:127: in import_module
    return _bootstrap._gcd_import(name[level:], package, level)
tests/common/test_get_case_sensitive_path.py:28: in &lt;module&gt;
    from pykotor.tools.path import CaseAwarePath
Libraries/PyKotor/src/pykotor/tools/path.py:19: in &lt;module&gt;
    from utility.system.registry import resolve_reg_key_to_path
E   ModuleNotFoundError: No module named 'utility.system.registry'</error></testcase><testcase classname="" name="tests.common.test_path_extras" time="0.000"><error message="collection failure">ImportError while importing test module '/home/runner/work/PyKotor/PyKotor/tests/common/test_path_extras.py'.
Hint: make sure your test modules/packages have valid Python names.
Traceback:
/usr/local/lib/python3.9/importlib/__init__.py:127: in import_module
    return _bootstrap._gcd_import(name[level:], package, level)
tests/common/test_path_extras.py:26: in &lt;module&gt;
    from pykotor.tools.path import CaseAwarePath
Libraries/PyKotor/src/pykotor/tools/path.py:19: in &lt;module&gt;
    from utility.system.registry import resolve_reg_key_to_path
E   ModuleNotFoundError: No module named 'utility.system.registry'</error></testcase><testcase classname="" name="tests.common.test_path_isinstance" time="0.000"><error message="collection failure">ImportError while importing test module '/home/runner/work/PyKotor/PyKotor/tests/common/test_path_isinstance.py'.
Hint: make sure your test modules/packages have valid Python names.
Traceback:
/usr/local/lib/python3.9/importlib/__init__.py:127: in import_module
    return _bootstrap._gcd_import(name[level:], package, level)
tests/common/test_path_isinstance.py:25: in &lt;module&gt;
    from pykotor.tools.path import CaseAwarePath
Libraries/PyKotor/src/pykotor/tools/path.py:19: in &lt;module&gt;
    from utility.system.registry import resolve_reg_key_to_path
E   ModuleNotFoundError: No module named 'utility.system.registry'</error></testcase><testcase classname="" name="tests.common.test_path_mixed_slash_handling" time="0.000"><error message="collection failure">ImportError while importing test module '/home/runner/work/PyKotor/PyKotor/tests/common/test_path_mixed_slash_handling.py'.
Hint: make sure your test modules/packages have valid Python names.
Traceback:
/usr/local/lib/python3.9/importlib/__init__.py:127: in import_module
    return _bootstrap._gcd_import(name[level:], package, level)
tests/common/test_path_mixed_slash_handling.py:32: in &lt;module&gt;
    from pykotor.tools.path import CaseAwarePath
Libraries/PyKotor/src/pykotor/tools/path.py:19: in &lt;module&gt;
    from utility.system.registry import resolve_reg_key_to_path
E   ModuleNotFoundError: No module named 'utility.system.registry'</error></testcase><testcase classname="" name="tests.extract.test_chitin" time="0.000"><error message="collection failure">ImportError while importing test module '/home/runner/work/PyKotor/PyKotor/tests/extract/test_chitin.py'.
Hint: make sure your test modules/packages have valid Python names.
Traceback:
/usr/local/lib/python3.9/importlib/__init__.py:127: in import_module
    return _bootstrap._gcd_import(name[level:], package, level)
tests/extract/test_chitin.py:27: in &lt;module&gt;
    from pykotor.tools.path import CaseAwarePath
Libraries/PyKotor/src/pykotor/tools/path.py:19: in &lt;module&gt;
    from utility.system.registry import resolve_reg_key_to_path
E   ModuleNotFoundError: No module named 'utility.system.registry'</error></testcase><testcase classname="" name="tests.extract.test_installation" time="0.000"><error message="collection failure">ImportError while importing test module '/home/runner/work/PyKotor/PyKotor/tests/extract/test_installation.py'.
Hint: make sure your test modules/packages have valid Python names.
Traceback:
/usr/local/lib/python3.9/importlib/__init__.py:127: in import_module
    return _bootstrap._gcd_import(name[level:], package, level)
tests/extract/test_installation.py:29: in &lt;module&gt;
    from pykotor.extract.installation import Installation, SearchLocation
Libraries/PyKotor/src/pykotor/extract/installation.py:18: in &lt;module&gt;
    from pykotor.extract.chitin import Chitin
Libraries/PyKotor/src/pykotor/extract/chitin.py:10: in &lt;module&gt;
    from pykotor.tools.path import CaseAwarePath
Libraries/PyKotor/src/pykotor/tools/path.py:19: in &lt;module&gt;
    from utility.system.registry import resolve_reg_key_to_path
E   ModuleNotFoundError: No module named 'utility.system.registry'</error></testcase><testcase classname="" name="tests.resource.formats" time="0.000"><error message="collection failure">E   ModuleNotFoundError: No module named 'utility.system.registry'</error></testcase><testcase classname="" name="tests.resource.generics.test_are" time="0.000"><error message="collection failure">ImportError while importing test module '/home/runner/work/PyKotor/PyKotor/tests/resource/generics/test_are.py'.
Hint: make sure your test modules/packages have valid Python names.
Traceback:
/usr/local/lib/python3.9/importlib/__init__.py:127: in import_module
    return _bootstrap._gcd_import(name[level:], package, level)
tests/resource/generics/test_are.py:29: in &lt;module&gt;
    from pykotor.extract.installation import Installation
Libraries/PyKotor/src/pykotor/extract/installation.py:18: in &lt;module&gt;
    from pykotor.extract.chitin import Chitin
Libraries/PyKotor/src/pykotor/extract/chitin.py:10: in &lt;module&gt;
    from pykotor.tools.path import CaseAwarePath
Libraries/PyKotor/src/pykotor/tools/path.py:19: in &lt;module&gt;
    from utility.system.registry import resolve_reg_key_to_path
E   ModuleNotFoundError: No module named 'utility.system.registry'</error></testcase><testcase classname="" name="tests.resource.generics.test_dlg" time="0.000"><error message="collection failure">ImportError while importing test module '/home/runner/work/PyKotor/PyKotor/tests/resource/generics/test_dlg.py'.
Hint: make sure your test modules/packages have valid Python names.
Traceback:
/usr/local/lib/python3.9/importlib/__init__.py:127: in import_module
    return _bootstrap._gcd_import(name[level:], package, level)
tests/resource/generics/test_dlg.py:32: in &lt;module&gt;
    from pykotor.extract.installation import Installation
Libraries/PyKotor/src/pykotor/extract/installation.py:18: in &lt;module&gt;
    from pykotor.extract.chitin import Chitin
Libraries/PyKotor/src/pykotor/extract/chitin.py:10: in &lt;module&gt;
    from pykotor.tools.path import CaseAwarePath
Libraries/PyKotor/src/pykotor/tools/path.py:19: in &lt;module&gt;
    from utility.system.registry import resolve_reg_key_to_path
E   ModuleNotFoundError: No module named 'utility.system.registry'</error></testcase><testcase classname="" name="tests.resource.generics.test_git" time="0.000"><error message="collection failure">ImportError while importing test module '/home/runner/work/PyKotor/PyKotor/tests/resource/generics/test_git.py'.
Hint: make sure your test modules/packages have valid Python names.
Traceback:
/usr/local/lib/python3.9/importlib/__init__.py:127: in import_module
    return _bootstrap._gcd_import(name[level:], package, level)
tests/resource/generics/test_git.py:29: in &lt;module&gt;
    from pykotor.extract.installation import Installation
Libraries/PyKotor/src/pykotor/extract/installation.py:18: in &lt;module&gt;
    from pykotor.extract.chitin import Chitin
Libraries/PyKotor/src/pykotor/extract/chitin.py:10: in &lt;module&gt;
    from pykotor.tools.path import CaseAwarePath
Libraries/PyKotor/src/pykotor/tools/path.py:19: in &lt;module&gt;
    from utility.system.registry import resolve_reg_key_to_path
E   ModuleNotFoundError: No module named 'utility.system.registry'</error></testcase><testcase classname="" name="tests.resource.generics.test_ifo" time="0.000"><error message="collection failure">ImportError while importing test module '/home/runner/work/PyKotor/PyKotor/tests/resource/generics/test_ifo.py'.
Hint: make sure your test modules/packages have valid Python names.
Traceback:
/usr/local/lib/python3.9/importlib/__init__.py:127: in import_module
    return _bootstrap._gcd_import(name[level:], package, level)
tests/resource/generics/test_ifo.py:29: in &lt;module&gt;
    from pykotor.extract.installation import Installation
Libraries/PyKotor/src/pykotor/extract/installation.py:18: in &lt;module&gt;
    from pykotor.extract.chitin import Chitin
Libraries/PyKotor/src/pykotor/extract/chitin.py:10: in &lt;module&gt;
    from pykotor.tools.path import CaseAwarePath
Libraries/PyKotor/src/pykotor/tools/path.py:19: in &lt;module&gt;
    from utility.system.registry import resolve_reg_key_to_path
E   ModuleNotFoundError: No module named 'utility.system.registry'</error></testcase><testcase classname="" name="tests.resource.generics.test_jrl" time="0.000"><error message="collection failure">ImportError while importing test module '/home/runner/work/PyKotor/PyKotor/tests/resource/generics/test_jrl.py'.
Hint: make sure your test modules/packages have valid Python names.
Traceback:
/usr/local/lib/python3.9/importlib/__init__.py:127: in import_module
    return _bootstrap._gcd_import(name[level:], package, level)
tests/resource/generics/test_jrl.py:27: in &lt;module&gt;
    from pykotor.extract.installation import Installation
Libraries/PyKotor/src/pykotor/extract/installation.py:18: in &lt;module&gt;
    from pykotor.extract.chitin import Chitin
Libraries/PyKotor/src/pykotor/extract/chitin.py:10: in &lt;module&gt;
    from pykotor.tools.path import CaseAwarePath
Libraries/PyKotor/src/pykotor/tools/path.py:19: in &lt;module&gt;
    from utility.system.registry import resolve_reg_key_to_path
E   ModuleNotFoundError: No module named 'utility.system.registry'</error></testcase><testcase classname="" name="tests.resource.generics.test_pth" time="0.000"><error message="collection failure">ImportError while importing test module '/home/runner/work/PyKotor/PyKotor/tests/resource/generics/test_pth.py'.
Hint: make sure your test modules/packages have valid Python names.
Traceback:
/usr/local/lib/python3.9/importlib/__init__.py:127: in import_module
    return _bootstrap._gcd_import(name[level:], package, level)
tests/resource/generics/test_pth.py:28: in &lt;module&gt;
    from pykotor.extract.installation import Installation
Libraries/PyKotor/src/pykotor/extract/installation.py:18: in &lt;module&gt;
    from pykotor.extract.chitin import Chitin
Libraries/PyKotor/src/pykotor/extract/chitin.py:10: in &lt;module&gt;
    from pykotor.tools.path import CaseAwarePath
Libraries/PyKotor/src/pykotor/tools/path.py:19: in &lt;module&gt;
    from utility.system.registry import resolve_reg_key_to_path
E   ModuleNotFoundError: No module named 'utility.system.registry'</error></testcase><testcase classname="" name="tests.resource.generics.test_utc" time="0.000"><error message="collection failure">ImportError while importing test module '/home/runner/work/PyKotor/PyKotor/tests/resource/generics/test_utc.py'.
Hint: make sure your test modules/packages have valid Python names.
Traceback:
/usr/local/lib/python3.9/importlib/__init__.py:127: in import_module
    return _bootstrap._gcd_import(name[level:], package, level)
tests/resource/generics/test_utc.py:29: in &lt;module&gt;
    from pykotor.extract.installation import Installation
Libraries/PyKotor/src/pykotor/extract/installation.py:18: in &lt;module&gt;
    from pykotor.extract.chitin import Chitin
Libraries/PyKotor/src/pykotor/extract/chitin.py:10: in &lt;module&gt;
    from pykotor.tools.path import CaseAwarePath
Libraries/PyKotor/src/pykotor/tools/path.py:19: in &lt;module&gt;
    from utility.system.registry import resolve_reg_key_to_path
E   ModuleNotFoundError: No module named 'utility.system.registry'</error></testcase><testcase classname="" name="tests.resource.generics.test_utd" time="0.000"><error message="collection failure">ImportError while importing test module '/home/runner/work/PyKotor/PyKotor/tests/resource/generics/test_utd.py'.
Hint: make sure your test modules/packages have valid Python names.
Traceback:
/usr/local/lib/python3.9/importlib/__init__.py:127: in import_module
    return _bootstrap._gcd_import(name[level:], package, level)
tests/resource/generics/test_utd.py:29: in &lt;module&gt;
    from pykotor.extract.installation import Installation
Libraries/PyKotor/src/pykotor/extract/installation.py:18: in &lt;module&gt;
    from pykotor.extract.chitin import Chitin
Libraries/PyKotor/src/pykotor/extract/chitin.py:10: in &lt;module&gt;
    from pykotor.tools.path import CaseAwarePath
Libraries/PyKotor/src/pykotor/tools/path.py:19: in &lt;module&gt;
    from utility.system.registry import resolve_reg_key_to_path
E   ModuleNotFoundError: No module named 'utility.system.registry'</error></testcase><testcase classname="" name="tests.resource.generics.test_ute" time="0.000"><error message="collection failure">ImportError while importing test module '/home/runner/work/PyKotor/PyKotor/tests/resource/generics/test_ute.py'.
Hint: make sure your test modules/packages have valid Python names.
Traceback:
/usr/local/lib/python3.9/importlib/__init__.py:127: in import_module
    return _bootstrap._gcd_import(name[level:], package, level)
tests/resource/generics/test_ute.py:31: in &lt;module&gt;
    from pykotor.extract.installation import Installation
Libraries/PyKotor/src/pykotor/extract/installation.py:18: in &lt;module&gt;
    from pykotor.extract.chitin import Chitin
Libraries/PyKotor/src/pykotor/extract/chitin.py:10: in &lt;module&gt;
    from pykotor.tools.path import CaseAwarePath
Libraries/PyKotor/src/pykotor/tools/path.py:19: in &lt;module&gt;
    from utility.system.registry import resolve_reg_key_to_path
E   ModuleNotFoundError: No module named 'utility.system.registry'</error></testcase><testcase classname="" name="tests.resource.generics.test_uti" time="0.000"><error message="collection failure">ImportError while importing test module '/home/runner/work/PyKotor/PyKotor/tests/resource/generics/test_uti.py'.
Hint: make sure your test modules/packages have valid Python names.
Traceback:
/usr/local/lib/python3.9/importlib/__init__.py:127: in import_module
    return _bootstrap._gcd_import(name[level:], package, level)
tests/resource/generics/test_uti.py:31: in &lt;module&gt;
    from pykotor.extract.installation import Installation
Libraries/PyKotor/src/pykotor/extract/installation.py:18: in &lt;module&gt;
    from pykotor.extract.chitin import Chitin
Libraries/PyKotor/src/pykotor/extract/chitin.py:10: in &lt;module&gt;
    from pykotor.tools.path import CaseAwarePath
Libraries/PyKotor/src/pykotor/tools/path.py:19: in &lt;module&gt;
    from utility.system.registry import resolve_reg_key_to_path
E   ModuleNotFoundError: No module named 'utility.system.registry'</error></testcase><testcase classname="" name="tests.resource.generics.test_utp" time="0.000"><error message="collection failure">ImportError while importing test module '/home/runner/work/PyKotor/PyKotor/tests/resource/generics/test_utp.py'.
Hint: make sure your test modules/packages have valid Python names.
Traceback:
/usr/local/lib/python3.9/importlib/__init__.py:127: in import_module
    return _bootstrap._gcd_import(name[level:], package, level)
tests/resource/generics/test_utp.py:31: in &lt;module&gt;
    from pykotor.extract.installation import Installation
Libraries/PyKotor/src/pykotor/extract/installation.py:18: in &lt;module&gt;
    from pykotor.extract.chitin import Chitin
Libraries/PyKotor/src/pykotor/extract/chitin.py:10: in &lt;module&gt;
    from pykotor.tools.path import CaseAwarePath
Libraries/PyKotor/src/pykotor/tools/path.py:19: in &lt;module&gt;
    from utility.system.registry import resolve_reg_key_to_path
E   ModuleNotFoundError: No module named 'utility.system.registry'</error></testcase><testcase classname="" name="tests.resource.generics.test_uts" time="0.000"><error message="collection failure">ImportError while importing test module '/home/runner/work/PyKotor/PyKotor/tests/resource/generics/test_uts.py'.
Hint: make sure your test modules/packages have valid Python names.
Traceback:
/usr/local/lib/python3.9/importlib/__init__.py:127: in import_module
    return _bootstrap._gcd_import(name[level:], package, level)
tests/resource/generics/test_uts.py:31: in &lt;module&gt;
    from pykotor.extract.installation import Installation
Libraries/PyKotor/src/pykotor/extract/installation.py:18: in &lt;module&gt;
    from pykotor.extract.chitin import Chitin
Libraries/PyKotor/src/pykotor/extract/chitin.py:10: in &lt;module&gt;
    from pykotor.tools.path import CaseAwarePath
Libraries/PyKotor/src/pykotor/tools/path.py:19: in &lt;module&gt;
    from utility.system.registry import resolve_reg_key_to_path
E   ModuleNotFoundError: No module named 'utility.system.registry'</error></testcase><testcase classname="" name="tests.resource.generics.test_utt" time="0.000"><error message="collection failure">ImportError while importing test module '/home/runner/work/PyKotor/PyKotor/tests/resource/generics/test_utt.py'.
Hint: make sure your test modules/packages have valid Python names.
Traceback:
/usr/local/lib/python3.9/importlib/__init__.py:127: in import_module
    return _bootstrap._gcd_import(name[level:], package, level)
tests/resource/generics/test_utt.py:31: in &lt;module&gt;
    from pykotor.extract.installation import Installation
Libraries/PyKotor/src/pykotor/extract/installation.py:18: in &lt;module&gt;
    from pykotor.extract.chitin import Chitin
Libraries/PyKotor/src/pykotor/extract/chitin.py:10: in &lt;module&gt;
    from pykotor.tools.path import CaseAwarePath
Libraries/PyKotor/src/pykotor/tools/path.py:19: in &lt;module&gt;
    from utility.system.registry import resolve_reg_key_to_path
E   ModuleNotFoundError: No module named 'utility.system.registry'</error></testcase><testcase classname="" name="tests.resource.generics.test_utw" time="0.000"><error message="collection failure">ImportError while importing test module '/home/runner/work/PyKotor/PyKotor/tests/resource/generics/test_utw.py'.
Hint: make sure your test modules/packages have valid Python names.
Traceback:
/usr/local/lib/python3.9/importlib/__init__.py:127: in import_module
    return _bootstrap._gcd_import(name[level:], package, level)
tests/resource/generics/test_utw.py:31: in &lt;module&gt;
    from pykotor.extract.installation import Installation
Libraries/PyKotor/src/pykotor/extract/installation.py:18: in &lt;module&gt;
    from pykotor.extract.chitin import Chitin
Libraries/PyKotor/src/pykotor/extract/chitin.py:10: in &lt;module&gt;
    from pykotor.tools.path import CaseAwarePath
Libraries/PyKotor/src/pykotor/tools/path.py:19: in &lt;module&gt;
    from utility.system.registry import resolve_reg_key_to_path
E   ModuleNotFoundError: No module named 'utility.system.registry'</error></testcase><testcase classname="" name="tests.resource.test_replace_module_extensions" time="0.000"><error message="collection failure">ImportError while importing test module '/home/runner/work/PyKotor/PyKotor/tests/resource/test_replace_module_extensions.py'.
Hint: make sure your test modules/packages have valid Python names.
Traceback:
/usr/local/lib/python3.9/importlib/__init__.py:127: in import_module
    return _bootstrap._gcd_import(name[level:], package, level)
tests/resource/test_replace_module_extensions.py:23: in &lt;module&gt;
    from pykotor.extract.installation import Installation
Libraries/PyKotor/src/pykotor/extract/installation.py:18: in &lt;module&gt;
    from pykotor.extract.chitin import Chitin
Libraries/PyKotor/src/pykotor/extract/chitin.py:10: in &lt;module&gt;
    from pykotor.tools.path import CaseAwarePath
Libraries/PyKotor/src/pykotor/tools/path.py:19: in &lt;module&gt;
    from utility.system.registry import resolve_reg_key_to_path
E   ModuleNotFoundError: No module named 'utility.system.registry'</error></testcase><testcase classname="" name="tests.toolset_tests.gui.editors.test_are_editor" time="0.000"><error message="collection failure">ImportError while importing test module '/home/runner/work/PyKotor/PyKotor/tests/toolset_tests/gui/editors/test_are_editor.py'.
Hint: make sure your test modules/packages have valid Python names.
Traceback:
/usr/local/lib/python3.9/importlib/__init__.py:127: in import_module
    return _bootstrap._gcd_import(name[level:], package, level)
tests/toolset_tests/gui/editors/test_are_editor.py:46: in &lt;module&gt;
    from pykotor.extract.installation import Installation
Libraries/PyKotor/src/pykotor/extract/installation.py:18: in &lt;module&gt;
    from pykotor.extract.chitin import Chitin
Libraries/PyKotor/src/pykotor/extract/chitin.py:10: in &lt;module&gt;
    from pykotor.tools.path import CaseAwarePath
Libraries/PyKotor/src/pykotor/tools/path.py:19: in &lt;module&gt;
    from utility.system.registry import resolve_reg_key_to_path
E   ModuleNotFoundError: No module named 'utility.system.registry'</error></testcase><testcase classname="" name="tests.toolset_tests.gui.editors.test_bwm_editor" time="0.000"><error message="collection failure">ImportError while importing test module '/home/runner/work/PyKotor/PyKotor/tests/toolset_tests/gui/editors/test_bwm_editor.py'.
Hint: make sure your test modules/packages have valid Python names.
Traceback:
/usr/local/lib/python3.9/importlib/__init__.py:127: in import_module
    return _bootstrap._gcd_import(name[level:], package, level)
tests/toolset_tests/gui/editors/test_bwm_editor.py:45: in &lt;module&gt;
    from pykotor.extract.installation import Installation
Libraries/PyKotor/src/pykotor/extract/installation.py:18: in &lt;module&gt;
    from pykotor.extract.chitin import Chitin
Libraries/PyKotor/src/pykotor/extract/chitin.py:10: in &lt;module&gt;
    from pykotor.tools.path import CaseAwarePath
Libraries/PyKotor/src/pykotor/tools/path.py:19: in &lt;module&gt;
    from utility.system.registry import resolve_reg_key_to_path
E   ModuleNotFoundError: No module named 'utility.system.registry'</error></testcase><testcase classname="" name="tests.toolset_tests.gui.editors.test_dlg_editor" time="0.000"><error message="collection failure">ImportError while importing test module '/home/runner/work/PyKotor/PyKotor/tests/toolset_tests/gui/editors/test_dlg_editor.py'.
Hint: make sure your test modules/packages have valid Python names.
Traceback:
/usr/local/lib/python3.9/importlib/__init__.py:127: in import_module
    return _bootstrap._gcd_import(name[level:], package, level)
tests/toolset_tests/gui/editors/test_dlg_editor.py:11: in &lt;module&gt;
    from toolset.gui.editors.dlg import DLGEditor, DLGStandardItemModel, DLGStandardItem, DLGTreeView
Tools/HolocronToolset/src/toolset/gui/editors/dlg.py:84: in &lt;module&gt;
    from pykotor.extract.installation import SearchLocation
Libraries/PyKotor/src/pykotor/extract/installation.py:18: in &lt;module&gt;
    from pykotor.extract.chitin import Chitin
Libraries/PyKotor/src/pykotor/extract/chitin.py:10: in &lt;module&gt;
    from pykotor.tools.path import CaseAwarePath
Libraries/PyKotor/src/pykotor/tools/path.py:19: in &lt;module&gt;
    from utility.system.registry import resolve_reg_key_to_path
E   ModuleNotFoundError: No module named 'utility.system.registry'</error></testcase><testcase classname="" name="tests.toolset_tests.gui.editors.test_erf_editor" time="0.000"><error message="collection failure">ImportError while importing test module '/home/runner/work/PyKotor/PyKotor/tests/toolset_tests/gui/editors/test_erf_editor.py'.
Hint: make sure your test modules/packages have valid Python names.
Traceback:
/usr/local/lib/python3.9/importlib/__init__.py:127: in import_module
    return _bootstrap._gcd_import(name[level:], package, level)
tests/toolset_tests/gui/editors/test_erf_editor.py:48: in &lt;module&gt;
    from pykotor.extract.installation import Installation
Libraries/PyKotor/src/pykotor/extract/installation.py:18: in &lt;module&gt;
    from pykotor.extract.chitin import Chitin
Libraries/PyKotor/src/pykotor/extract/chitin.py:10: in &lt;module&gt;
    from pykotor.tools.path import CaseAwarePath
Libraries/PyKotor/src/pykotor/tools/path.py:19: in &lt;module&gt;
    from utility.system.registry import resolve_reg_key_to_path
E   ModuleNotFoundError: No module named 'utility.system.registry'</error></testcase><testcase classname="" name="tests.toolset_tests.gui.editors.test_gff_editor" time="0.000"><error message="collection failure">ImportError while importing test module '/home/runner/work/PyKotor/PyKotor/tests/toolset_tests/gui/editors/test_gff_editor.py'.
Hint: make sure your test modules/packages have valid Python names.
Traceback:
/usr/local/lib/python3.9/importlib/__init__.py:127: in import_module
    return _bootstrap._gcd_import(name[level:], package, level)
tests/toolset_tests/gui/editors/test_gff_editor.py:49: in &lt;module&gt;
    from pykotor.extract.installation import Installation
Libraries/PyKotor/src/pykotor/extract/installation.py:18: in &lt;module&gt;
    from pykotor.extract.chitin import Chitin
Libraries/PyKotor/src/pykotor/extract/chitin.py:10: in &lt;module&gt;
    from pykotor.tools.path import CaseAwarePath
Libraries/PyKotor/src/pykotor/tools/path.py:19: in &lt;module&gt;
    from utility.system.registry import resolve_reg_key_to_path
E   ModuleNotFoundError: No module named 'utility.system.registry'</error></testcase><testcase classname="" name="tests.toolset_tests.gui.editors.test_git_editor" time="0.000"><error message="collection failure">ImportError while importing test module '/home/runner/work/PyKotor/PyKotor/tests/toolset_tests/gui/editors/test_git_editor.py'.
Hint: make sure your test modules/packages have valid Python names.
Traceback:
/usr/local/lib/python3.9/importlib/__init__.py:127: in import_module
    return _bootstrap._gcd_import(name[level:], package, level)
tests/toolset_tests/gui/editors/test_git_editor.py:50: in &lt;module&gt;
    from pykotor.extract.installation import Installation
Libraries/PyKotor/src/pykotor/extract/installation.py:18: in &lt;module&gt;
    from pykotor.extract.chitin import Chitin
Libraries/PyKotor/src/pykotor/extract/chitin.py:10: in &lt;module&gt;
    from pykotor.tools.path import CaseAwarePath
Libraries/PyKotor/src/pykotor/tools/path.py:19: in &lt;module&gt;
    from utility.system.registry import resolve_reg_key_to_path
E   ModuleNotFoundError: No module named 'utility.system.registry'</error></testcase><testcase classname="" name="tests.toolset_tests.gui.editors.test_jrl_editor" time="0.000"><error message="collection failure">ImportError while importing test module '/home/runner/work/PyKotor/PyKotor/tests/toolset_tests/gui/editors/test_jrl_editor.py'.
Hint: make sure your test modules/packages have valid Python names.
Traceback:
/usr/local/lib/python3.9/importlib/__init__.py:127: in import_module
    return _bootstrap._gcd_import(name[level:], package, level)
tests/toolset_tests/gui/editors/test_jrl_editor.py:44: in &lt;module&gt;
    from pykotor.extract.installation import Installation
Libraries/PyKotor/src/pykotor/extract/installation.py:18: in &lt;module&gt;
    from pykotor.extract.chitin import Chitin
Libraries/PyKotor/src/pykotor/extract/chitin.py:10: in &lt;module&gt;
    from pykotor.tools.path import CaseAwarePath
Libraries/PyKotor/src/pykotor/tools/path.py:19: in &lt;module&gt;
    from utility.system.registry import resolve_reg_key_to_path
E   ModuleNotFoundError: No module named 'utility.system.registry'</error></testcase><testcase classname="" name="tests.toolset_tests.gui.editors.test_nss_editor" time="0.000"><error message="collection failure">ImportError while importing test module '/home/runner/work/PyKotor/PyKotor/tests/toolset_tests/gui/editors/test_nss_editor.py'.
Hint: make sure your test modules/packages have valid Python names.
Traceback:
/usr/local/lib/python3.9/importlib/__init__.py:127: in import_module
    return _bootstrap._gcd_import(name[level:], package, level)
tests/toolset_tests/gui/editors/test_nss_editor.py:46: in &lt;module&gt;
    from pykotor.resource.formats.ncs.ncs_auto import read_ncs
Libraries/PyKotor/src/pykotor/resource/formats/ncs/__init__.py:14: in &lt;module&gt;
    from pykotor.resource.formats.ncs.ncs_auto import bytes_ncs, compile_nss, read_ncs, write_ncs
Libraries/PyKotor/src/pykotor/resource/formats/ncs/ncs_auto.py:7: in &lt;module&gt;
    from pykotor.resource.formats.ncs.compiler.lexer import NssLexer
Libraries/PyKotor/src/pykotor/resource/formats/ncs/compiler/lexer.py:9: in &lt;module&gt;
    from pykotor.resource.formats.ncs.compiler.classes import (
Libraries/PyKotor/src/pykotor/resource/formats/ncs/compiler/classes.py:10: in &lt;module&gt;
    from pykotor.tools.path import CaseAwarePath
Libraries/PyKotor/src/pykotor/tools/path.py:19: in &lt;module&gt;
    from utility.system.registry import resolve_reg_key_to_path
E   ModuleNotFoundError: No module named 'utility.system.registry'</error></testcase><testcase classname="" name="tests.toolset_tests.gui.editors.test_ssf_editor" time="0.000"><error message="collection failure">ImportError while importing test module '/home/runner/work/PyKotor/PyKotor/tests/toolset_tests/gui/editors/test_ssf_editor.py'.
Hint: make sure your test modules/packages have valid Python names.
Traceback:
/usr/local/lib/python3.9/importlib/__init__.py:127: in import_module
    return _bootstrap._gcd_import(name[level:], package, level)
tests/toolset_tests/gui/editors/test_ssf_editor.py:46: in &lt;module&gt;
    from pykotor.extract.installation import Installation
Libraries/PyKotor/src/pykotor/extract/installation.py:18: in &lt;module&gt;
    from pykotor.extract.chitin import Chitin
Libraries/PyKotor/src/pykotor/extract/chitin.py:10: in &lt;module&gt;
    from pykotor.tools.path import CaseAwarePath
Libraries/PyKotor/src/pykotor/tools/path.py:19: in &lt;module&gt;
    from utility.system.registry import resolve_reg_key_to_path
E   ModuleNotFoundError: No module named 'utility.system.registry'</error></testcase><testcase classname="" name="tests.toolset_tests.gui.editors.test_twoda_editor" time="0.000"><error message="collection failure">ImportError while importing test module '/home/runner/work/PyKotor/PyKotor/tests/toolset_tests/gui/editors/test_twoda_editor.py'.
Hint: make sure your test modules/packages have valid Python names.
Traceback:
/usr/local/lib/python3.9/importlib/__init__.py:127: in import_module
    return _bootstrap._gcd_import(name[level:], package, level)
tests/toolset_tests/gui/editors/test_twoda_editor.py:46: in &lt;module&gt;
    from pykotor.extract.installation import Installation
Libraries/PyKotor/src/pykotor/extract/installation.py:18: in &lt;module&gt;
    from pykotor.extract.chitin import Chitin
Libraries/PyKotor/src/pykotor/extract/chitin.py:10: in &lt;module&gt;
    from pykotor.tools.path import CaseAwarePath
Libraries/PyKotor/src/pykotor/tools/path.py:19: in &lt;module&gt;
    from utility.system.registry import resolve_reg_key_to_path
E   ModuleNotFoundError: No module named 'utility.system.registry'</error></testcase><testcase classname="" name="tests.toolset_tests.gui.editors.test_utc_editor" time="0.000"><error message="collection failure">ImportError while importing test module '/home/runner/work/PyKotor/PyKotor/tests/toolset_tests/gui/editors/test_utc_editor.py'.
Hint: make sure your test modules/packages have valid Python names.
Traceback:
/usr/local/lib/python3.9/importlib/__init__.py:127: in import_module
    return _bootstrap._gcd_import(name[level:], package, level)
tests/toolset_tests/gui/editors/test_utc_editor.py:45: in &lt;module&gt;
    from pykotor.extract.installation import Installation
Libraries/PyKotor/src/pykotor/extract/installation.py:18: in &lt;module&gt;
    from pykotor.extract.chitin import Chitin
Libraries/PyKotor/src/pykotor/extract/chitin.py:10: in &lt;module&gt;
    from pykotor.tools.path import CaseAwarePath
Libraries/PyKotor/src/pykotor/tools/path.py:19: in &lt;module&gt;
    from utility.system.registry import resolve_reg_key_to_path
E   ModuleNotFoundError: No module named 'utility.system.registry'</error></testcase><testcase classname="" name="tests.toolset_tests.gui.editors.test_utd_editor" time="0.000"><error message="collection failure">ImportError while importing test module '/home/runner/work/PyKotor/PyKotor/tests/toolset_tests/gui/editors/test_utd_editor.py'.
Hint: make sure your test modules/packages have valid Python names.
Traceback:
/usr/local/lib/python3.9/importlib/__init__.py:127: in import_module
    return _bootstrap._gcd_import(name[level:], package, level)
tests/toolset_tests/gui/editors/test_utd_editor.py:46: in &lt;module&gt;
    from pykotor.extract.installation import Installation
Libraries/PyKotor/src/pykotor/extract/installation.py:18: in &lt;module&gt;
    from pykotor.extract.chitin import Chitin
Libraries/PyKotor/src/pykotor/extract/chitin.py:10: in &lt;module&gt;
    from pykotor.tools.path import CaseAwarePath
Libraries/PyKotor/src/pykotor/tools/path.py:19: in &lt;module&gt;
    from utility.system.registry import resolve_reg_key_to_path
E   ModuleNotFoundError: No module named 'utility.system.registry'</error></testcase><testcase classname="" name="tests.toolset_tests.gui.editors.test_ute_editor" time="0.000"><error message="collection failure">ImportError while importing test module '/home/runner/work/PyKotor/PyKotor/tests/toolset_tests/gui/editors/test_ute_editor.py'.
Hint: make sure your test modules/packages have valid Python names.
Traceback:
/usr/local/lib/python3.9/importlib/__init__.py:127: in import_module
    return _bootstrap._gcd_import(name[level:], package, level)
tests/toolset_tests/gui/editors/test_ute_editor.py:46: in &lt;module&gt;
    from pykotor.extract.installation import Installation
Libraries/PyKotor/src/pykotor/extract/installation.py:18: in &lt;module&gt;
    from pykotor.extract.chitin import Chitin
Libraries/PyKotor/src/pykotor/extract/chitin.py:10: in &lt;module&gt;
    from pykotor.tools.path import CaseAwarePath
Libraries/PyKotor/src/pykotor/tools/path.py:19: in &lt;module&gt;
    from utility.system.registry import resolve_reg_key_to_path
E   ModuleNotFoundError: No module named 'utility.system.registry'</error></testcase><testcase classname="" name="tests.toolset_tests.gui.editors.test_uti_editor" time="0.000"><error message="collection failure">ImportError while importing test module '/home/runner/work/PyKotor/PyKotor/tests/toolset_tests/gui/editors/test_uti_editor.py'.
Hint: make sure your test modules/packages have valid Python names.
Traceback:
/usr/local/lib/python3.9/importlib/__init__.py:127: in import_module
    return _bootstrap._gcd_import(name[level:], package, level)
tests/toolset_tests/gui/editors/test_uti_editor.py:46: in &lt;module&gt;
    from pykotor.extract.installation import Installation
Libraries/PyKotor/src/pykotor/extract/installation.py:18: in &lt;module&gt;
    from pykotor.extract.chitin import Chitin
Libraries/PyKotor/src/pykotor/extract/chitin.py:10: in &lt;module&gt;
    from pykotor.tools.path import CaseAwarePath
Libraries/PyKotor/src/pykotor/tools/path.py:19: in &lt;module&gt;
    from utility.system.registry import resolve_reg_key_to_path
E   ModuleNotFoundError: No module named 'utility.system.registry'</error></testcase><testcase classname="" name="tests.toolset_tests.gui.editors.test_utm_editor" time="0.000"><error message="collection failure">ImportError while importing test module '/home/runner/work/PyKotor/PyKotor/tests/toolset_tests/gui/editors/test_utm_editor.py'.
Hint: make sure your test modules/packages have valid Python names.
Traceback:
/usr/local/lib/python3.9/importlib/__init__.py:127: in import_module
    return _bootstrap._gcd_import(name[level:], package, level)
tests/toolset_tests/gui/editors/test_utm_editor.py:46: in &lt;module&gt;
    from pykotor.extract.installation import Installation
Libraries/PyKotor/src/pykotor/extract/installation.py:18: in &lt;module&gt;
    from pykotor.extract.chitin import Chitin
Libraries/PyKotor/src/pykotor/extract/chitin.py:10: in &lt;module&gt;
    from pykotor.tools.path import CaseAwarePath
Libraries/PyKotor/src/pykotor/tools/path.py:19: in &lt;module&gt;
    from utility.system.registry import resolve_reg_key_to_path
E   ModuleNotFoundError: No module named 'utility.system.registry'</error></testcase><testcase classname="" name="tests.toolset_tests.gui.editors.test_utp_editor" time="0.000"><error message="collection failure">ImportError while importing test module '/home/runner/work/PyKotor/PyKotor/tests/toolset_tests/gui/editors/test_utp_editor.py'.
Hint: make sure your test modules/packages have valid Python names.
Traceback:
/usr/local/lib/python3.9/importlib/__init__.py:127: in import_module
    return _bootstrap._gcd_import(name[level:], package, level)
tests/toolset_tests/gui/editors/test_utp_editor.py:45: in &lt;module&gt;
    from pykotor.extract.installation import Installation
Libraries/PyKotor/src/pykotor/extract/installation.py:18: in &lt;module&gt;
    from pykotor.extract.chitin import Chitin
Libraries/PyKotor/src/pykotor/extract/chitin.py:10: in &lt;module&gt;
    from pykotor.tools.path import CaseAwarePath
Libraries/PyKotor/src/pykotor/tools/path.py:19: in &lt;module&gt;
    from utility.system.registry import resolve_reg_key_to_path
E   ModuleNotFoundError: No module named 'utility.system.registry'</error></testcase><testcase classname="" name="tests.toolset_tests.gui.editors.test_uts_editor" time="0.000"><error message="collection failure">ImportError while importing test module '/home/runner/work/PyKotor/PyKotor/tests/toolset_tests/gui/editors/test_uts_editor.py'.
Hint: make sure your test modules/packages have valid Python names.
Traceback:
/usr/local/lib/python3.9/importlib/__init__.py:127: in import_module
    return _bootstrap._gcd_import(name[level:], package, level)
tests/toolset_tests/gui/editors/test_uts_editor.py:45: in &lt;module&gt;
    from pykotor.extract.installation import Installation
Libraries/PyKotor/src/pykotor/extract/installation.py:18: in &lt;module&gt;
    from pykotor.extract.chitin import Chitin
Libraries/PyKotor/src/pykotor/extract/chitin.py:10: in &lt;module&gt;
    from pykotor.tools.path import CaseAwarePath
Libraries/PyKotor/src/pykotor/tools/path.py:19: in &lt;module&gt;
    from utility.system.registry import resolve_reg_key_to_path
E   ModuleNotFoundError: No module named 'utility.system.registry'</error></testcase><testcase classname="" name="tests.toolset_tests.gui.editors.test_utt_editor" time="0.000"><error message="collection failure">ImportError while importing test module '/home/runner/work/PyKotor/PyKotor/tests/toolset_tests/gui/editors/test_utt_editor.py'.
Hint: make sure your test modules/packages have valid Python names.
Traceback:
/usr/local/lib/python3.9/importlib/__init__.py:127: in import_module
    return _bootstrap._gcd_import(name[level:], package, level)
tests/toolset_tests/gui/editors/test_utt_editor.py:45: in &lt;module&gt;
    from pykotor.extract.installation import Installation
Libraries/PyKotor/src/pykotor/extract/installation.py:18: in &lt;module&gt;
    from pykotor.extract.chitin import Chitin
Libraries/PyKotor/src/pykotor/extract/chitin.py:10: in &lt;module&gt;
    from pykotor.tools.path import CaseAwarePath
Libraries/PyKotor/src/pykotor/tools/path.py:19: in &lt;module&gt;
    from utility.system.registry import resolve_reg_key_to_path
E   ModuleNotFoundError: No module named 'utility.system.registry'</error></testcase><testcase classname="" name="tests.toolset_tests.gui.editors.test_utw_editor" time="0.000"><error message="collection failure">ImportError while importing test module '/home/runner/work/PyKotor/PyKotor/tests/toolset_tests/gui/editors/test_utw_editor.py'.
Hint: make sure your test modules/packages have valid Python names.
Traceback:
/usr/local/lib/python3.9/importlib/__init__.py:127: in import_module
    return _bootstrap._gcd_import(name[level:], package, level)
tests/toolset_tests/gui/editors/test_utw_editor.py:43: in &lt;module&gt;
    from pykotor.extract.installation import Installation
Libraries/PyKotor/src/pykotor/extract/installation.py:18: in &lt;module&gt;
    from pykotor.extract.chitin import Chitin
Libraries/PyKotor/src/pykotor/extract/chitin.py:10: in &lt;module&gt;
    from pykotor.tools.path import CaseAwarePath
Libraries/PyKotor/src/pykotor/tools/path.py:19: in &lt;module&gt;
    from utility.system.registry import resolve_reg_key_to_path
E   ModuleNotFoundError: No module named 'utility.system.registry'</error></testcase><testcase classname="" name="tests.tslpatcher.test_config" time="0.000"><error message="collection failure">ImportError while importing test module '/home/runner/work/PyKotor/PyKotor/tests/tslpatcher/test_config.py'.
Hint: make sure your test modules/packages have valid Python names.
Traceback:
/usr/local/lib/python3.9/importlib/__init__.py:127: in import_module
    return _bootstrap._gcd_import(name[level:], package, level)
tests/tslpatcher/test_config.py:28: in &lt;module&gt;
    from pykotor.tslpatcher.patcher import ModInstaller
Libraries/PyKotor/src/pykotor/tslpatcher/patcher.py:14: in &lt;module&gt;
    from pykotor.extract.installation import Installation
Libraries/PyKotor/src/pykotor/extract/installation.py:18: in &lt;module&gt;
    from pykotor.extract.chitin import Chitin
Libraries/PyKotor/src/pykotor/extract/chitin.py:10: in &lt;module&gt;
    from pykotor.tools.path import CaseAwarePath
Libraries/PyKotor/src/pykotor/tools/path.py:19: in &lt;module&gt;
    from utility.system.registry import resolve_reg_key_to_path
E   ModuleNotFoundError: No module named 'utility.system.registry'</error></testcase><testcase classname="" name="tests.tslpatcher.test_reader" time="0.000"><error message="collection failure">ImportError while importing test module '/home/runner/work/PyKotor/PyKotor/tests/tslpatcher/test_reader.py'.
Hint: make sure your test modules/packages have valid Python names.
Traceback:
/usr/local/lib/python3.9/importlib/__init__.py:127: in import_module
    return _bootstrap._gcd_import(name[level:], package, level)
tests/tslpatcher/test_reader.py:60: in &lt;module&gt;
    from pykotor.tslpatcher.reader import ConfigReader
Libraries/PyKotor/src/pykotor/tslpatcher/reader.py:15: in &lt;module&gt;
    from pykotor.tools.path import CaseAwarePath
Libraries/PyKotor/src/pykotor/tools/path.py:19: in &lt;module&gt;
    from utility.system.registry import resolve_reg_key_to_path
E   ModuleNotFoundError: No module named 'utility.system.registry'</error></testcase><testcase classname="tests.common.test_decode_fallbacks.TestDecodeBytes" name="test_8bit_encoding_only" time="0.042" /><testcase classname="tests.common.test_decode_fallbacks.TestDecodeBytes" name="test_basic" time="0.001" /><testcase classname="tests.common.test_decode_fallbacks.TestDecodeBytes" name="test_bom" time="0.001" /><testcase classname="tests.common.test_decode_fallbacks.TestDecodeBytes" name="test_errors_replace" time="0.001" /><testcase classname="tests.common.test_decode_fallbacks.TestDecodeBytes" name="test_fallback_to_detected_encoding" time="0.006" /><testcase classname="tests.common.test_decode_fallbacks.TestDecodeBytes" name="test_invalid_bytes_for_encoding" time="0.000" /><testcase classname="tests.common.test_decode_fallbacks.TestDecodeBytes" name="test_known_encoding" time="0.000" /><testcase classname="tests.common.test_decode_fallbacks.TestDecodeBytes" name="test_language_detect" time="0.001" /><testcase classname="tests.common.test_decode_fallbacks.TestDecodeBytes" name="test_language_provided" time="0.000" /><testcase classname="tests.common.test_decode_fallbacks.TestDecodeBytes" name="test_no_valid_encoding_found_strict_errors" time="0.007" /><testcase classname="tests.common.test_decode_fallbacks.TestDecodeBytes" name="test_non_ascii" time="0.001" /><testcase classname="tests.common.test_decode_fallbacks.TestDecodeBytes" name="test_strict_error_handling_decoding_failure" time="0.000"><failure message="UnicodeDecodeError: 'ascii' codec can't decode byte 0x80 in position 0: ordinal not in range(128)">E   UnicodeDecodeError: 'ascii' codec can't decode byte 0x80 in position 0: ordinal not in range(128)</failure></testcase><testcase classname="tests.common.test_decode_fallbacks.TestDecodeBytes" name="test_undetectable_encoding_replace_errors" time="0.001" /><testcase classname="tests.common.test_decode_fallbacks.TestDecodeBytes" name="test_unknown_encoding" time="0.001" /><testcase classname="tests.common.test_decode_fallbacks.TestDecodeBytes" name="test_with_BOM_included" time="0.001" /><testcase classname="tests.common.test_geometry.TestVector2" name="test_from_vector2" time="0.000" /><testcase classname="tests.common.test_geometry.TestVector2" name="test_from_vector3" time="0.000" /><testcase classname="tests.common.test_geometry.TestVector2" name="test_from_vector4" time="0.000" /><testcase classname="tests.common.test_geometry.TestVector2" name="test_unpacking" time="0.000" /><testcase classname="tests.common.test_geometry.TestVector3" name="test_from_vector2" time="0.000" /><testcase classname="tests.common.test_geometry.TestVector3" name="test_from_vector3" time="0.000" /><testcase classname="tests.common.test_geometry.TestVector3" name="test_from_vector4" time="0.000" /><testcase classname="tests.common.test_geometry.TestVector3" name="test_unpacking" time="0.000" /><testcase classname="tests.common.test_geometry.TestVector4" name="test_from_euler" time="0.000" /><testcase classname="tests.common.test_geometry.TestVector4" name="test_from_vector2" time="0.000" /><testcase classname="tests.common.test_geometry.TestVector4" name="test_from_vector3" time="0.000" /><testcase classname="tests.common.test_geometry.TestVector4" name="test_from_vector4" time="0.000" /><testcase classname="tests.common.test_geometry.TestVector4" name="test_unpacking" time="0.000" /><testcase classname="tests.common.test_geometry.TestFace" name="test_determine_z" time="0.000" /><testcase classname="tests.common.test_geometry.TestPolygon2" name="test_area" time="0.000" /><testcase classname="tests.common.test_geometry.TestPolygon2" name="test_inside" time="0.000" /><testcase classname="tests.common.test_stream.TestBinaryReader" name="test_peek" time="0.000" /><testcase classname="tests.common.test_stream.TestBinaryReader" name="test_position" time="0.000" /><testcase classname="tests.common.test_stream.TestBinaryReader" name="test_read" time="0.000" /><testcase classname="tests.common.test_stream.TestBinaryReader" name="test_remaining" time="0.000" /><testcase classname="tests.common.test_stream.TestBinaryReader" name="test_seek" time="0.000" /><testcase classname="tests.common.test_stream.TestBinaryReader" name="test_size" time="0.000" /><testcase classname="tests.common.test_stream.TestBinaryReader" name="test_skip" time="0.000" /><testcase classname="tests.common.test_stream.TestBinaryReader" name="test_true_size" time="0.000" /><testcase classname="tests.extract.test_capsule.TestCapsule" name="test_add_to_erf_file" time="0.006" /><testcase classname="tests.extract.test_capsule.TestCapsule" name="test_add_to_rim_file" time="0.004" /><testcase classname="tests.extract.test_capsule.TestCapsule" name="test_erf_capsule" time="0.002" /><testcase classname="tests.extract.test_capsule.TestCapsule" name="test_rim_capsule" time="0.002" /><testcase classname="tests.extract.test_talktable.TestTalkTable" name="test_batch" time="0.001" /><testcase classname="tests.extract.test_talktable.TestTalkTable" name="test_language" time="0.000" /><testcase classname="tests.extract.test_talktable.TestTalkTable" name="test_size" time="0.000" /><testcase classname="tests.extract.test_talktable.TestTalkTable" name="test_string" time="0.001" /><testcase classname="tests.extract.test_talktable.TestTalkTable" name="test_voiceover" time="0.001" /><testcase classname="tests.resource.test_resource_from_path.TestResourceType" name="test_from_extension" time="0.001" /><testcase classname="tests.resource.test_resource_from_path.TestResourceType" name="test_from_id" time="0.000" /><testcase classname="tests.resource.test_resource_from_path.TestResourceType" name="test_from_invalid" time="0.000" /><testcase classname="tests.resource.test_resource_from_path.TestResourceType" name="test_from_invalid_with_valid_extension" time="0.000" /><testcase classname="tests.resource.test_resource_from_path.TestResourceType" name="test_from_path_long_extension" time="0.001" /><testcase classname="tests.resource.test_resource_from_path.TestResourceType" name="test_resource_type_hashing" time="0.001" /><testcase classname="tests.resource.test_resource_from_path.TestResourceIdentifier" name="test_from_path_empty_file_path" time="0.000" /><testcase classname="tests.resource.test_resource_from_path.TestResourceIdentifier" name="test_from_path_hidden_file" time="0.000" /><testcase classname="tests.resource.test_resource_from_path.TestResourceIdentifier" name="test_from_path_invalid_extension" time="0.000" /><testcase classname="tests.resource.test_resource_from_path.TestResourceIdentifier" name="test_from_path_long_extension" time="0.001" /><testcase classname="tests.resource.test_resource_from_path.TestResourceIdentifier" name="test_from_path_long_suffix_gff_xml" time="0.000" /><testcase classname="tests.resource.test_resource_from_path.TestResourceIdentifier" name="test_from_path_mdl" time="0.000" /><testcase classname="tests.resource.test_resource_from_path.TestResourceIdentifier" name="test_from_path_no_extension" time="0.000" /><testcase classname="tests.resource.test_resource_from_path.TestResourceIdentifier" name="test_from_path_none_file_path" time="0.000" /><testcase classname="tests.resource.test_resource_from_path.TestResourceIdentifier" name="test_from_path_tga" time="0.000" /><testcase classname="tests.resource.test_resource_from_path.TestResourceIdentifier" name="test_from_path_tlk_xml" time="0.000" /><testcase classname="tests.resource.test_resource_from_path.TestResourceIdentifier" name="test_from_path_trailing_dot" time="0.000" /><testcase classname="tests.resource.test_resource_from_path.TestResourceIdentifier" name="test_from_path_wav" time="0.000" /><testcase classname="tests.resource.test_resource_from_path.TestResourceIdentifier" name="test_hashing" time="0.002" /><testcase classname="tests.toolset_tests.gui.editors.test_tlk_editor.TLKEditorTest" name="test_save_and_load" time="0.001"><skipped type="pytest.skip" message="K2_PATH environment variable is not set or not found on disk.">/home/runner/work/PyKotor/PyKotor/tests/toolset_tests/gui/editors/test_tlk_editor.py:80: K2_PATH environment variable is not set or not found on disk.</skipped></testcase><testcase classname="tests.toolset_tests.gui.editors.test_tpc_editor.TPCEditorTest" name="test_placeholder" time="0.000"><skipped type="pytest.skip" message="K1_PATH environment variable is not set or not found on disk.">/home/runner/work/PyKotor/PyKotor/tests/toolset_tests/gui/editors/test_tpc_editor.py:70: K1_PATH environment variable is not set or not found on disk.</skipped></testcase><testcase classname="tests.toolset_tests.gui.editors.test_txt_editor.TXTEditorTest" name="test_placeholder" time="0.000"><skipped type="pytest.skip" message="K1_PATH environment variable is not set or not found on disk.">/home/runner/work/PyKotor/PyKotor/tests/toolset_tests/gui/editors/test_txt_editor.py:52: K1_PATH environment variable is not set or not found on disk.</skipped></testcase><testcase classname="tests.tslpatcher.test_memory.TestLocalizedStringDelta" name="test_apply_stringref_2damemory" time="0.001" /><testcase classname="tests.tslpatcher.test_memory.TestLocalizedStringDelta" name="test_apply_stringref_int" time="0.000" /><testcase classname="tests.tslpatcher.test_memory.TestLocalizedStringDelta" name="test_apply_stringref_none" time="0.000" /><testcase classname="tests.tslpatcher.test_memory.TestLocalizedStringDelta" name="test_apply_stringref_tlkmemory" time="0.000" /><testcase classname="tests.tslpatcher.test_memory.TestLocalizedStringDelta" name="test_apply_substring" time="0.000" /><testcase classname="tests.tslpatcher.test_mods.TestManipulateTLK" name="test_apply_append" time="0.000" /><testcase classname="tests.tslpatcher.test_mods.TestManipulateTLK" name="test_apply_replace" time="0.000" /><testcase classname="tests.tslpatcher.test_mods.TestManipulate2DA" name="test_add_2damemory_rowindex" time="0.000" /><testcase classname="tests.tslpatcher.test_mods.TestManipulate2DA" name="test_add_assign_2damemory" time="0.000" /><testcase classname="tests.tslpatcher.test_mods.TestManipulate2DA" name="test_add_assign_high" time="0.000" /><testcase classname="tests.tslpatcher.test_mods.TestManipulate2DA" name="test_add_assign_tlkmemory" time="0.000" /><testcase classname="tests.tslpatcher.test_mods.TestManipulate2DA" name="test_add_exclusive_badcolumn" time="0.000" /><testcase classname="tests.tslpatcher.test_mods.TestManipulate2DA" name="test_add_exclusive_exists" time="0.000" /><testcase classname="tests.tslpatcher.test_mods.TestManipulate2DA" name="test_add_exclusive_none" time="0.000" /><testcase classname="tests.tslpatcher.test_mods.TestManipulate2DA" name="test_add_exclusive_notexists" time="0.000" /><testcase classname="tests.tslpatcher.test_mods.TestManipulate2DA" name="test_add_rowlabel_existing" time="0.001" /><testcase classname="tests.tslpatcher.test_mods.TestManipulate2DA" name="test_add_rowlabel_use_constant" time="0.000" /><testcase classname="tests.tslpatcher.test_mods.TestManipulate2DA" name="test_add_rowlabel_use_maxrowlabel" time="0.000" /><testcase classname="tests.tslpatcher.test_mods.TestManipulate2DA" name="test_addcolumn_2damemory_index" time="0.000" /><testcase classname="tests.tslpatcher.test_mods.TestManipulate2DA" name="test_addcolumn_2damemory_line" time="0.000" /><testcase classname="tests.tslpatcher.test_mods.TestManipulate2DA" name="test_addcolumn_default" time="0.000" /><testcase classname="tests.tslpatcher.test_mods.TestManipulate2DA" name="test_addcolumn_empty" time="0.000" /><testcase classname="tests.tslpatcher.test_mods.TestManipulate2DA" name="test_addcolumn_rowindex_constant" time="0.000" /><testcase classname="tests.tslpatcher.test_mods.TestManipulate2DA" name="test_addcolumn_rowlabel_2damemory" time="0.000" /><testcase classname="tests.tslpatcher.test_mods.TestManipulate2DA" name="test_addcolumn_rowlabel_tlkmemory" time="0.000" /><testcase classname="tests.tslpatcher.test_mods.TestManipulate2DA" name="test_change_assign_2damemory" time="0.000" /><testcase classname="tests.tslpatcher.test_mods.TestManipulate2DA" name="test_change_assign_high" time="0.000" /><testcase classname="tests.tslpatcher.test_mods.TestManipulate2DA" name="test_change_assign_tlkmemory" time="0.001" /><testcase classname="tests.tslpatcher.test_mods.TestManipulate2DA" name="test_change_existing_labelindex" time="0.000" /><testcase classname="tests.tslpatcher.test_mods.TestManipulate2DA" name="test_change_existing_rowindex" time="0.000" /><testcase classname="tests.tslpatcher.test_mods.TestManipulate2DA" name="test_change_existing_rowlabel" time="0.000" /><testcase classname="tests.tslpatcher.test_mods.TestManipulate2DA" name="test_copy_2damemory_rowindex" time="0.000" /><testcase classname="tests.tslpatcher.test_mods.TestManipulate2DA" name="test_copy_assign_2damemory" time="0.000" /><testcase classname="tests.tslpatcher.test_mods.TestManipulate2DA" name="test_copy_assign_high" time="0.000" /><testcase classname="tests.tslpatcher.test_mods.TestManipulate2DA" name="test_copy_assign_tlkmemory" time="0.000" /><testcase classname="tests.tslpatcher.test_mods.TestManipulate2DA" name="test_copy_exclusive_exists" time="0.000" /><testcase classname="tests.tslpatcher.test_mods.TestManipulate2DA" name="test_copy_exclusive_none" time="0.000" /><testcase classname="tests.tslpatcher.test_mods.TestManipulate2DA" name="test_copy_exclusive_notexists" time="0.000" /><testcase classname="tests.tslpatcher.test_mods.TestManipulate2DA" name="test_copy_existing_rowindex" time="0.001" /><testcase classname="tests.tslpatcher.test_mods.TestManipulate2DA" name="test_copy_existing_rowlabel" time="0.000" /><testcase classname="tests.tslpatcher.test_mods.TestManipulate2DA" name="test_copy_set_newrowlabel" time="0.000" /><testcase classname="tests.tslpatcher.test_mods.TestManipulate2DA" name="test_set_2damemory_columnlabel" time="0.000" /><testcase classname="tests.tslpatcher.test_mods.TestManipulate2DA" name="test_set_2damemory_rowindex" time="0.000" /><testcase classname="tests.tslpatcher.test_mods.TestManipulate2DA" name="test_set_2damemory_rowlabel" time="0.000" /><testcase classname="tests.tslpatcher.test_mods.TestManipulateGFF" name="test_add_field_locstring" time="0.001" /><testcase classname="tests.tslpatcher.test_mods.TestManipulateGFF" name="test_add_nested" time="0.001" /><testcase classname="tests.tslpatcher.test_mods.TestManipulateGFF" name="test_add_newnested" time="0.001" /><testcase classname="tests.tslpatcher.test_mods.TestManipulateGFF" name="test_add_use_2damemory" time="0.016" /><testcase classname="tests.tslpatcher.test_mods.TestManipulateGFF" name="test_add_use_tlkmemory" time="0.001" /><testcase classname="tests.tslpatcher.test_mods.TestManipulateGFF" name="test_addlist_listindex" time="0.001" /><testcase classname="tests.tslpatcher.test_mods.TestManipulateGFF" name="test_addlist_store_2damemory" time="0.001" /><testcase classname="tests.tslpatcher.test_mods.TestManipulateGFF" name="test_modify_2damemory" time="0.001" /><testcase classname="tests.tslpatcher.test_mods.TestManipulateGFF" name="test_modify_field_double" time="0.001" /><testcase classname="tests.tslpatcher.test_mods.TestManipulateGFF" name="test_modify_field_int16" time="0.001" /><testcase classname="tests.tslpatcher.test_mods.TestManipulateGFF" name="test_modify_field_int32" time="0.001" /><testcase classname="tests.tslpatcher.test_mods.TestManipulateGFF" name="test_modify_field_int64" time="0.001" /><testcase classname="tests.tslpatcher.test_mods.TestManipulateGFF" name="test_modify_field_int8" time="0.001" /><testcase classname="tests.tslpatcher.test_mods.TestManipulateGFF" name="test_modify_field_locstring" time="0.001" /><testcase classname="tests.tslpatcher.test_mods.TestManipulateGFF" name="test_modify_field_single" time="0.001" /><testcase classname="tests.tslpatcher.test_mods.TestManipulateGFF" name="test_modify_field_string" time="0.001" /><testcase classname="tests.tslpatcher.test_mods.TestManipulateGFF" name="test_modify_field_uint16" time="0.001" /><testcase classname="tests.tslpatcher.test_mods.TestManipulateGFF" name="test_modify_field_uint32" time="0.001" /><testcase classname="tests.tslpatcher.test_mods.TestManipulateGFF" name="test_modify_field_uint64" time="0.001" /><testcase classname="tests.tslpatcher.test_mods.TestManipulateGFF" name="test_modify_field_uint8" time="0.001" /><testcase classname="tests.tslpatcher.test_mods.TestManipulateGFF" name="test_modify_field_vector3" time="0.001" /><testcase classname="tests.tslpatcher.test_mods.TestManipulateGFF" name="test_modify_field_vector4" time="0.001" /><testcase classname="tests.tslpatcher.test_mods.TestManipulateGFF" name="test_modify_nested" time="0.001" /><testcase classname="tests.tslpatcher.test_mods.TestManipulateGFF" name="test_modify_tlkmemory" time="0.001" /><testcase classname="tests.tslpatcher.test_mods.TestManipulateSSF" name="test_assign_2datoken" time="0.001" /><testcase classname="tests.tslpatcher.test_mods.TestManipulateSSF" name="test_assign_int" time="0.001" /><testcase classname="tests.tslpatcher.test_mods.TestManipulateSSF" name="test_assign_tlktoken" time="0.001" /></testsuite></testsuites>